array:7 [
  "name" => "GET route"
  "description" => "No description"
  "path" => array:2 [
    "parsed" => "frontend/group/static"
    "original" => "/static"
  ]
  "dynamic" => false
  "placeholders" => []
  "dispatchers" => array:1 [
    0 => "HttpDispatcherExample"
  ]
  "validators" => ""Validate that the request method is: GET""
]
array:7 [
  "name" => "POST route"
  "description" => "No description"
  "path" => array:2 [
    "parsed" => "frontend\/group\/([\w|\d]+)"
    "original" => "/:name"
  ]
  "dynamic" => true
  "placeholders" => array:1 [
    0 => "name"
  ]
  "dispatchers" => array:1 [
    0 => "HttpDispatcherExample"
  ]
  "validators" => ""Validate that the request method is: POST""
]
array:7 [
  "name" => "POST/GET Route"
  "description" => "No description"
  "path" => array:2 [
    "parsed" => "frontend\/group\/([\w|\d]+)\/([\w|\d]+)"
    "original" => "/:name/:test"
  ]
  "dynamic" => true
  "placeholders" => array:2 [
    0 => "name"
    1 => "test"
  ]
  "dispatchers" => array:1 [
    0 => "HttpDispatcherExample"
  ]
  "validators" => ""Validate that the request method is: POST or GET""
]